{
  "stats": {
    "suites": 1,
    "tests": 3,
    "passes": 3,
    "pending": 0,
    "failures": 0,
    "start": "2022-12-11T17:34:23.791Z",
    "end": "2022-12-11T17:34:30.273Z",
    "duration": 6482,
    "testsRegistered": 3,
    "passPercent": 100,
    "pendingPercent": 0,
    "other": 0,
    "hasOther": false,
    "skipped": 0,
    "hasSkipped": false
  },
  "results": [
    {
      "uuid": "2b489d36-2ad3-4b81-bbc7-eabedce902e4",
      "title": "",
      "fullFile": "cypress/integration/habit.spec.js",
      "file": "cypress/integration/habit.spec.js",
      "beforeHooks": [],
      "afterHooks": [],
      "tests": [],
      "suites": [
        {
          "uuid": "538d1866-0f41-4471-8dfa-923a82fa0afc",
          "title": "habit dashboard",
          "fullFile": "",
          "file": "",
          "beforeHooks": [],
          "afterHooks": [],
          "tests": [
            {
              "title": "should display modal onclick",
              "fullTitle": "habit dashboard should display modal onclick",
              "timedOut": null,
              "duration": 3054,
              "state": "passed",
              "speed": "fast",
              "pass": true,
              "fail": false,
              "pending": false,
              "context": null,
              "code": "cy.get(\"#habit-add-btn\").click();\ncy.contains(\"Add a new habit\").should(\"be.visible\");",
              "err": {},
              "uuid": "52e1be42-ec82-4bab-bcc0-b6223202a249",
              "parentUUID": "538d1866-0f41-4471-8dfa-923a82fa0afc",
              "isHook": false,
              "skipped": false
            },
            {
              "title": "should show habit card when new habit is added",
              "fullTitle": "habit dashboard should show habit card when new habit is added",
              "timedOut": null,
              "duration": 2185,
              "state": "passed",
              "speed": "fast",
              "pass": true,
              "fail": false,
              "pending": false,
              "context": null,
              "code": "cy.get(\"#habit-add-btn\").click();\ncy.get(\".form-control\").type(\"this is a habit\");\ncy.get(\".btn-primary\").click();\ncy.contains(\"this is a habit\").should(\"be.visible\").and(\"have.class\", \"HabitCard__habit-container\");",
              "err": {},
              "uuid": "03270382-d1a1-4e7c-9407-ef0e5de862f0",
              "parentUUID": "538d1866-0f41-4471-8dfa-923a82fa0afc",
              "isHook": false,
              "skipped": false
            },
            {
              "title": "should toggle havit card onclick",
              "fullTitle": "habit dashboard should toggle havit card onclick",
              "timedOut": null,
              "duration": 1094,
              "state": "passed",
              "speed": "fast",
              "pass": true,
              "fail": false,
              "pending": false,
              "context": null,
              "code": "cy.get(\"#habit-add-btn\").click();\ncy.get(\".form-control\").type(\"this is a habit\");\ncy.get(\".btn-primary\").click();\ncy.contains(\"this is a habit\").click();\ncy.contains(\"this is a habit\").should(\"be.visible\");",
              "err": {},
              "uuid": "69fe4921-d5d3-450f-b58c-1e49c2e45c0a",
              "parentUUID": "538d1866-0f41-4471-8dfa-923a82fa0afc",
              "isHook": false,
              "skipped": false
            }
          ],
          "suites": [],
          "passes": [
            "52e1be42-ec82-4bab-bcc0-b6223202a249",
            "03270382-d1a1-4e7c-9407-ef0e5de862f0",
            "69fe4921-d5d3-450f-b58c-1e49c2e45c0a"
          ],
          "failures": [],
          "pending": [],
          "skipped": [],
          "duration": 6333,
          "root": false,
          "rootEmpty": false,
          "_timeout": 2000
        }
      ],
      "passes": [],
      "failures": [],
      "pending": [],
      "skipped": [],
      "duration": 0,
      "root": true,
      "rootEmpty": true,
      "_timeout": 2000
    }
  ],
  "meta": {
    "mocha": {
      "version": "7.0.1"
    },
    "mochawesome": {
      "options": {
        "quiet": false,
        "reportFilename": "mochawesome",
        "saveHtml": false,
        "saveJson": true,
        "consoleReporter": "spec",
        "useInlineDiffs": false,
        "code": true
      },
      "version": "7.1.3"
    },
    "marge": {
      "options": {
        "overwrite": false,
        "html": false,
        "json": true,
        "reportDir": "cypress/reports/html/.jsons"
      },
      "version": "6.2.0"
    }
  }
}